METRICS: Using configs from the Registry (like --config=p/ci) reports pseudonymous rule metrics to semgrep.dev.
To disable Registry rule metrics, use "--metrics=off".
Using configs only from local files (like --config=xyz.yml) does not enable metrics.

More information: https://semgrep.dev/docs/metrics

               
               
┌─────────────┐
│ Scan Status │
└─────────────┘
  Scanning 61 files tracked by git with 235 Code rules:
                                                                                                                        
  Language      Rules   Files          Origin      Rules                                                                
 ─────────────────────────────        ───────────────────                                                               
  <multilang>       3      57          Community     235                                                                
  ts               91      35                                                                                           
  json              1       6                                                                                           
  yaml              4       4                                                                                           
  js               89       2                                                                                           
                                                                                                                        
                
                
┌──────────────┐
│ Scan Summary │
└──────────────┘
Some files were skipped or only partially analyzed.
  Scan was limited to files tracked by git.
  Scan skipped: 4 files matching --exclude patterns
  For a full list of skipped files, run semgrep with the --verbose flag.

(need more rules? `semgrep login` for additional free Semgrep Registry rules)

Ran 99 rules on 57 files: 0 findings.

A new version of Semgrep is available. See https://semgrep.dev/docs/upgrading
If Semgrep missed a finding, please send us feedback to let us know!
See https://semgrep.dev/docs/reporting-false-negatives/
